Started GET "/" for ::1 at 2021-08-03 20:27:06 +0530
  [1m[35m (1.0ms)[0m  [1m[34mSELECT sqlite_version(*)[0m
Processing by Rails::WelcomeController#index as HTML
  Rendering /Users/chai/.rvm/gems/ruby-3.0.0/gems/railties-6.1.4/lib/rails/templates/rails/welcome/index.html.erb
  Rendered /Users/chai/.rvm/gems/ruby-3.0.0/gems/railties-6.1.4/lib/rails/templates/rails/welcome/index.html.erb (Duration: 4.2ms | Allocations: 522)
Completed 200 OK in 12ms (Views: 6.5ms | ActiveRecord: 0.0ms | Allocations: 4216)


Started GET "/" for ::1 at 2021-08-04 19:51:27 +0530
  [1m[35m (0.3ms)[0m  [1m[34mSELECT sqlite_version(*)[0m
Processing by Rails::WelcomeController#index as HTML
  Rendering /Users/chai/.rvm/gems/ruby-3.0.0/gems/railties-6.1.4/lib/rails/templates/rails/welcome/index.html.erb
  Rendered /Users/chai/.rvm/gems/ruby-3.0.0/gems/railties-6.1.4/lib/rails/templates/rails/welcome/index.html.erb (Duration: 3.4ms | Allocations: 415)
Completed 200 OK in 8ms (Views: 4.1ms | ActiveRecord: 0.0ms | Allocations: 3072)


Started GET "/" for ::1 at 2021-08-04 19:52:34 +0530
  
NoMethodError (undefined method `route' for #<ActionDispatch::Routing::Mapper:0x000000013d5e61e8 @set=#<ActionDispatch::Routing::RouteSet:0x000000013d41f350>, @draw_paths=[#<Pathname:/Users/chai/railsplay/test_apps/config/routes>], @scope=#<ActionDispatch::Routing::Mapper::Scope:0x000000013d5e6080 @hash={:path_names=>{:new=>"new", :edit=>"edit"}}, @parent=#<ActionDispatch::Routing::Mapper::Scope:0x000000013d56ca50 @hash=nil, @parent=nil, @scope_level=nil>, @scope_level=nil>, @concerns={}>):
  
config/routes.rb:4:in `block in <main>'
config/routes.rb:1:in `<main>'
Started GET "/" for ::1 at 2021-08-04 19:53:18 +0530
  
AbstractController::ActionNotFound (The action 'hello' could not be found for ApplicationController):
  
actionpack (6.1.4) lib/abstract_controller/base.rb:160:in `process'
actionview (6.1.4) lib/action_view/rendering.rb:39:in `process'
actionpack (6.1.4) lib/action_controller/metal.rb:190:in `dispatch'
actionpack (6.1.4) lib/action_controller/metal.rb:254:in `dispatch'
actionpack (6.1.4) lib/action_dispatch/routing/route_set.rb:50:in `dispatch'
actionpack (6.1.4) lib/action_dispatch/routing/route_set.rb:33:in `serve'
actionpack (6.1.4) lib/action_dispatch/journey/router.rb:50:in `block in serve'
actionpack (6.1.4) lib/action_dispatch/journey/router.rb:32:in `each'
actionpack (6.1.4) lib/action_dispatch/journey/router.rb:32:in `serve'
actionpack (6.1.4) lib/action_dispatch/routing/route_set.rb:842:in `call'
rack (2.2.3) lib/rack/tempfile_reaper.rb:15:in `call'
rack (2.2.3) lib/rack/etag.rb:27:in `call'
rack (2.2.3) lib/rack/conditional_get.rb:27:in `call'
rack (2.2.3) lib/rack/head.rb:12:in `call'
actionpack (6.1.4) lib/action_dispatch/http/permissions_policy.rb:22:in `call'
actionpack (6.1.4) lib/action_dispatch/http/content_security_policy.rb:18:in `call'
rack (2.2.3) lib/rack/session/abstract/id.rb:266:in `context'
rack (2.2.3) lib/rack/session/abstract/id.rb:260:in `call'
actionpack (6.1.4) lib/action_dispatch/middleware/cookies.rb:689:in `call'
activerecord (6.1.4) lib/active_record/migration.rb:601:in `call'
actionpack (6.1.4) lib/action_dispatch/middleware/callbacks.rb:27:in `block in call'
activesupport (6.1.4) lib/active_support/callbacks.rb:98:in `run_callbacks'
actionpack (6.1.4) lib/action_dispatch/middleware/callbacks.rb:26:in `call'
actionpack (6.1.4) lib/action_dispatch/middleware/executor.rb:14:in `call'
actionpack (6.1.4) lib/action_dispatch/middleware/actionable_exceptions.rb:18:in `call'
actionpack (6.1.4) lib/action_dispatch/middleware/debug_exceptions.rb:29:in `call'
web-console (4.1.0) lib/web_console/middleware.rb:132:in `call_app'
web-console (4.1.0) lib/web_console/middleware.rb:28:in `block in call'
web-console (4.1.0) lib/web_console/middleware.rb:17:in `catch'
web-console (4.1.0) lib/web_console/middleware.rb:17:in `call'
actionpack (6.1.4) lib/action_dispatch/middleware/show_exceptions.rb:33:in `call'
railties (6.1.4) lib/rails/rack/logger.rb:37:in `call_app'
railties (6.1.4) lib/rails/rack/logger.rb:26:in `block in call'
activesupport (6.1.4) lib/active_support/tagged_logging.rb:99:in `block in tagged'
activesupport (6.1.4) lib/active_support/tagged_logging.rb:37:in `tagged'
activesupport (6.1.4) lib/active_support/tagged_logging.rb:99:in `tagged'
railties (6.1.4) lib/rails/rack/logger.rb:26:in `call'
sprockets-rails (3.2.2) lib/sprockets/rails/quiet_assets.rb:13:in `call'
actionpack (6.1.4) lib/action_dispatch/middleware/remote_ip.rb:81:in `call'
actionpack (6.1.4) lib/action_dispatch/middleware/request_id.rb:26:in `call'
rack (2.2.3) lib/rack/method_override.rb:24:in `call'
rack (2.2.3) lib/rack/runtime.rb:22:in `call'
activesupport (6.1.4) lib/active_support/cache/strategy/local_cache_middleware.rb:29:in `call'
actionpack (6.1.4) lib/action_dispatch/middleware/executor.rb:14:in `call'
actionpack (6.1.4) lib/action_dispatch/middleware/static.rb:24:in `call'
rack (2.2.3) lib/rack/sendfile.rb:110:in `call'
actionpack (6.1.4) lib/action_dispatch/middleware/host_authorization.rb:98:in `call'
rack-mini-profiler (2.3.2) lib/mini_profiler/profiler.rb:384:in `call'
webpacker (5.4.0) lib/webpacker/dev_server_proxy.rb:25:in `perform_request'
rack-proxy (0.7.0) lib/rack/proxy.rb:63:in `call'
railties (6.1.4) lib/rails/engine.rb:539:in `call'
puma (5.4.0) lib/puma/configuration.rb:249:in `call'
puma (5.4.0) lib/puma/request.rb:77:in `block in handle_request'
puma (5.4.0) lib/puma/thread_pool.rb:340:in `with_force_shutdown'
puma (5.4.0) lib/puma/request.rb:76:in `handle_request'
puma (5.4.0) lib/puma/server.rb:440:in `process_client'
puma (5.4.0) lib/puma/thread_pool.rb:147:in `block in spawn_thread'
Started GET "/" for ::1 at 2021-08-04 19:53:49 +0530
Processing by ApplicationController#hello as HTML
Completed 406 Not Acceptable in 2ms (Allocations: 1311)


  
ActionController::MissingExactTemplate (ApplicationController#hello is missing a template for request formats: text/html):
  
actionpack (6.1.4) lib/action_controller/metal/implicit_render.rb:45:in `default_render'
actionpack (6.1.4) lib/action_controller/metal/basic_implicit_render.rb:6:in `block in send_action'
<internal:kernel>:90:in `tap'
actionpack (6.1.4) lib/action_controller/metal/basic_implicit_render.rb:6:in `send_action'
actionpack (6.1.4) lib/abstract_controller/base.rb:228:in `process_action'
actionpack (6.1.4) lib/action_controller/metal/rendering.rb:30:in `process_action'
actionpack (6.1.4) lib/abstract_controller/callbacks.rb:42:in `block in process_action'
activesupport (6.1.4) lib/active_support/callbacks.rb:117:in `block in run_callbacks'
actiontext (6.1.4) lib/action_text/rendering.rb:20:in `with_renderer'
actiontext (6.1.4) lib/action_text/engine.rb:59:in `block (4 levels) in <class:Engine>'
activesupport (6.1.4) lib/active_support/callbacks.rb:126:in `instance_exec'
activesupport (6.1.4) lib/active_support/callbacks.rb:126:in `block in run_callbacks'
activesupport (6.1.4) lib/active_support/callbacks.rb:137:in `run_callbacks'
actionpack (6.1.4) lib/abstract_controller/callbacks.rb:41:in `process_action'
actionpack (6.1.4) lib/action_controller/metal/rescue.rb:22:in `process_action'
actionpack (6.1.4) lib/action_controller/metal/instrumentation.rb:34:in `block in process_action'
activesupport (6.1.4) lib/active_support/notifications.rb:203:in `block in instrument'
activesupport (6.1.4) lib/active_support/notifications/instrumenter.rb:24:in `instrument'
activesupport (6.1.4) lib/active_support/notifications.rb:203:in `instrument'
actionpack (6.1.4) lib/action_controller/metal/instrumentation.rb:33:in `process_action'
actionpack (6.1.4) lib/action_controller/metal/params_wrapper.rb:249:in `process_action'
activerecord (6.1.4) lib/active_record/railties/controller_runtime.rb:27:in `process_action'
actionpack (6.1.4) lib/abstract_controller/base.rb:165:in `process'
actionview (6.1.4) lib/action_view/rendering.rb:39:in `process'
actionpack (6.1.4) lib/action_controller/metal.rb:190:in `dispatch'
actionpack (6.1.4) lib/action_controller/metal.rb:254:in `dispatch'
actionpack (6.1.4) lib/action_dispatch/routing/route_set.rb:50:in `dispatch'
actionpack (6.1.4) lib/action_dispatch/routing/route_set.rb:33:in `serve'
actionpack (6.1.4) lib/action_dispatch/journey/router.rb:50:in `block in serve'
actionpack (6.1.4) lib/action_dispatch/journey/router.rb:32:in `each'
actionpack (6.1.4) lib/action_dispatch/journey/router.rb:32:in `serve'
actionpack (6.1.4) lib/action_dispatch/routing/route_set.rb:842:in `call'
rack (2.2.3) lib/rack/tempfile_reaper.rb:15:in `call'
rack (2.2.3) lib/rack/etag.rb:27:in `call'
rack (2.2.3) lib/rack/conditional_get.rb:27:in `call'
rack (2.2.3) lib/rack/head.rb:12:in `call'
actionpack (6.1.4) lib/action_dispatch/http/permissions_policy.rb:22:in `call'
actionpack (6.1.4) lib/action_dispatch/http/content_security_policy.rb:18:in `call'
rack (2.2.3) lib/rack/session/abstract/id.rb:266:in `context'
rack (2.2.3) lib/rack/session/abstract/id.rb:260:in `call'
actionpack (6.1.4) lib/action_dispatch/middleware/cookies.rb:689:in `call'
activerecord (6.1.4) lib/active_record/migration.rb:601:in `call'
actionpack (6.1.4) lib/action_dispatch/middleware/callbacks.rb:27:in `block in call'
activesupport (6.1.4) lib/active_support/callbacks.rb:98:in `run_callbacks'
actionpack (6.1.4) lib/action_dispatch/middleware/callbacks.rb:26:in `call'
actionpack (6.1.4) lib/action_dispatch/middleware/executor.rb:14:in `call'
actionpack (6.1.4) lib/action_dispatch/middleware/actionable_exceptions.rb:18:in `call'
actionpack (6.1.4) lib/action_dispatch/middleware/debug_exceptions.rb:29:in `call'
web-console (4.1.0) lib/web_console/middleware.rb:132:in `call_app'
web-console (4.1.0) lib/web_console/middleware.rb:28:in `block in call'
web-console (4.1.0) lib/web_console/middleware.rb:17:in `catch'
web-console (4.1.0) lib/web_console/middleware.rb:17:in `call'
actionpack (6.1.4) lib/action_dispatch/middleware/show_exceptions.rb:33:in `call'
railties (6.1.4) lib/rails/rack/logger.rb:37:in `call_app'
railties (6.1.4) lib/rails/rack/logger.rb:26:in `block in call'
activesupport (6.1.4) lib/active_support/tagged_logging.rb:99:in `block in tagged'
activesupport (6.1.4) lib/active_support/tagged_logging.rb:37:in `tagged'
activesupport (6.1.4) lib/active_support/tagged_logging.rb:99:in `tagged'
railties (6.1.4) lib/rails/rack/logger.rb:26:in `call'
sprockets-rails (3.2.2) lib/sprockets/rails/quiet_assets.rb:13:in `call'
actionpack (6.1.4) lib/action_dispatch/middleware/remote_ip.rb:81:in `call'
actionpack (6.1.4) lib/action_dispatch/middleware/request_id.rb:26:in `call'
rack (2.2.3) lib/rack/method_override.rb:24:in `call'
rack (2.2.3) lib/rack/runtime.rb:22:in `call'
activesupport (6.1.4) lib/active_support/cache/strategy/local_cache_middleware.rb:29:in `call'
actionpack (6.1.4) lib/action_dispatch/middleware/executor.rb:14:in `call'
actionpack (6.1.4) lib/action_dispatch/middleware/static.rb:24:in `call'
rack (2.2.3) lib/rack/sendfile.rb:110:in `call'
actionpack (6.1.4) lib/action_dispatch/middleware/host_authorization.rb:98:in `call'
rack-mini-profiler (2.3.2) lib/mini_profiler/profiler.rb:384:in `call'
webpacker (5.4.0) lib/webpacker/dev_server_proxy.rb:25:in `perform_request'
rack-proxy (0.7.0) lib/rack/proxy.rb:63:in `call'
railties (6.1.4) lib/rails/engine.rb:539:in `call'
puma (5.4.0) lib/puma/configuration.rb:249:in `call'
puma (5.4.0) lib/puma/request.rb:77:in `block in handle_request'
puma (5.4.0) lib/puma/thread_pool.rb:340:in `with_force_shutdown'
puma (5.4.0) lib/puma/request.rb:76:in `handle_request'
puma (5.4.0) lib/puma/server.rb:440:in `process_client'
puma (5.4.0) lib/puma/thread_pool.rb:147:in `block in spawn_thread'
Started GET "/" for ::1 at 2021-08-04 19:54:40 +0530
Processing by ApplicationController#hello as HTML
Completed 406 Not Acceptable in 4ms (Allocations: 591)


  
ActionController::MissingExactTemplate (ApplicationController#hello is missing a template for request formats: text/html):
  
actionpack (6.1.4) lib/action_controller/metal/implicit_render.rb:45:in `default_render'
actionpack (6.1.4) lib/action_controller/metal/basic_implicit_render.rb:6:in `block in send_action'
<internal:kernel>:90:in `tap'
actionpack (6.1.4) lib/action_controller/metal/basic_implicit_render.rb:6:in `send_action'
actionpack (6.1.4) lib/abstract_controller/base.rb:228:in `process_action'
actionpack (6.1.4) lib/action_controller/metal/rendering.rb:30:in `process_action'
actionpack (6.1.4) lib/abstract_controller/callbacks.rb:42:in `block in process_action'
activesupport (6.1.4) lib/active_support/callbacks.rb:117:in `block in run_callbacks'
actiontext (6.1.4) lib/action_text/rendering.rb:20:in `with_renderer'
actiontext (6.1.4) lib/action_text/engine.rb:59:in `block (4 levels) in <class:Engine>'
activesupport (6.1.4) lib/active_support/callbacks.rb:126:in `instance_exec'
activesupport (6.1.4) lib/active_support/callbacks.rb:126:in `block in run_callbacks'
activesupport (6.1.4) lib/active_support/callbacks.rb:137:in `run_callbacks'
actionpack (6.1.4) lib/abstract_controller/callbacks.rb:41:in `process_action'
actionpack (6.1.4) lib/action_controller/metal/rescue.rb:22:in `process_action'
actionpack (6.1.4) lib/action_controller/metal/instrumentation.rb:34:in `block in process_action'
activesupport (6.1.4) lib/active_support/notifications.rb:203:in `block in instrument'
activesupport (6.1.4) lib/active_support/notifications/instrumenter.rb:24:in `instrument'
activesupport (6.1.4) lib/active_support/notifications.rb:203:in `instrument'
actionpack (6.1.4) lib/action_controller/metal/instrumentation.rb:33:in `process_action'
actionpack (6.1.4) lib/action_controller/metal/params_wrapper.rb:249:in `process_action'
activerecord (6.1.4) lib/active_record/railties/controller_runtime.rb:27:in `process_action'
actionpack (6.1.4) lib/abstract_controller/base.rb:165:in `process'
actionview (6.1.4) lib/action_view/rendering.rb:39:in `process'
actionpack (6.1.4) lib/action_controller/metal.rb:190:in `dispatch'
actionpack (6.1.4) lib/action_controller/metal.rb:254:in `dispatch'
actionpack (6.1.4) lib/action_dispatch/routing/route_set.rb:50:in `dispatch'
actionpack (6.1.4) lib/action_dispatch/routing/route_set.rb:33:in `serve'
actionpack (6.1.4) lib/action_dispatch/journey/router.rb:50:in `block in serve'
actionpack (6.1.4) lib/action_dispatch/journey/router.rb:32:in `each'
actionpack (6.1.4) lib/action_dispatch/journey/router.rb:32:in `serve'
actionpack (6.1.4) lib/action_dispatch/routing/route_set.rb:842:in `call'
rack (2.2.3) lib/rack/tempfile_reaper.rb:15:in `call'
rack (2.2.3) lib/rack/etag.rb:27:in `call'
rack (2.2.3) lib/rack/conditional_get.rb:27:in `call'
rack (2.2.3) lib/rack/head.rb:12:in `call'
actionpack (6.1.4) lib/action_dispatch/http/permissions_policy.rb:22:in `call'
actionpack (6.1.4) lib/action_dispatch/http/content_security_policy.rb:18:in `call'
rack (2.2.3) lib/rack/session/abstract/id.rb:266:in `context'
rack (2.2.3) lib/rack/session/abstract/id.rb:260:in `call'
actionpack (6.1.4) lib/action_dispatch/middleware/cookies.rb:689:in `call'
activerecord (6.1.4) lib/active_record/migration.rb:601:in `call'
actionpack (6.1.4) lib/action_dispatch/middleware/callbacks.rb:27:in `block in call'
activesupport (6.1.4) lib/active_support/callbacks.rb:98:in `run_callbacks'
actionpack (6.1.4) lib/action_dispatch/middleware/callbacks.rb:26:in `call'
actionpack (6.1.4) lib/action_dispatch/middleware/executor.rb:14:in `call'
actionpack (6.1.4) lib/action_dispatch/middleware/actionable_exceptions.rb:18:in `call'
actionpack (6.1.4) lib/action_dispatch/middleware/debug_exceptions.rb:29:in `call'
web-console (4.1.0) lib/web_console/middleware.rb:132:in `call_app'
web-console (4.1.0) lib/web_console/middleware.rb:28:in `block in call'
web-console (4.1.0) lib/web_console/middleware.rb:17:in `catch'
web-console (4.1.0) lib/web_console/middleware.rb:17:in `call'
actionpack (6.1.4) lib/action_dispatch/middleware/show_exceptions.rb:33:in `call'
railties (6.1.4) lib/rails/rack/logger.rb:37:in `call_app'
railties (6.1.4) lib/rails/rack/logger.rb:26:in `block in call'
activesupport (6.1.4) lib/active_support/tagged_logging.rb:99:in `block in tagged'
activesupport (6.1.4) lib/active_support/tagged_logging.rb:37:in `tagged'
activesupport (6.1.4) lib/active_support/tagged_logging.rb:99:in `tagged'
railties (6.1.4) lib/rails/rack/logger.rb:26:in `call'
sprockets-rails (3.2.2) lib/sprockets/rails/quiet_assets.rb:13:in `call'
actionpack (6.1.4) lib/action_dispatch/middleware/remote_ip.rb:81:in `call'
actionpack (6.1.4) lib/action_dispatch/middleware/request_id.rb:26:in `call'
rack (2.2.3) lib/rack/method_override.rb:24:in `call'
rack (2.2.3) lib/rack/runtime.rb:22:in `call'
activesupport (6.1.4) lib/active_support/cache/strategy/local_cache_middleware.rb:29:in `call'
actionpack (6.1.4) lib/action_dispatch/middleware/executor.rb:14:in `call'
actionpack (6.1.4) lib/action_dispatch/middleware/static.rb:24:in `call'
rack (2.2.3) lib/rack/sendfile.rb:110:in `call'
actionpack (6.1.4) lib/action_dispatch/middleware/host_authorization.rb:98:in `call'
rack-mini-profiler (2.3.2) lib/mini_profiler/profiler.rb:384:in `call'
webpacker (5.4.0) lib/webpacker/dev_server_proxy.rb:25:in `perform_request'
rack-proxy (0.7.0) lib/rack/proxy.rb:63:in `call'
railties (6.1.4) lib/rails/engine.rb:539:in `call'
puma (5.4.0) lib/puma/configuration.rb:249:in `call'
puma (5.4.0) lib/puma/request.rb:77:in `block in handle_request'
puma (5.4.0) lib/puma/thread_pool.rb:340:in `with_force_shutdown'
puma (5.4.0) lib/puma/request.rb:76:in `handle_request'
puma (5.4.0) lib/puma/server.rb:440:in `process_client'
puma (5.4.0) lib/puma/thread_pool.rb:147:in `block in spawn_thread'
Started GET "/" for ::1 at 2021-08-04 19:54:44 +0530
Processing by ApplicationController#hello as HTML
  Rendering html template
  Rendered html template (Duration: 0.0ms | Allocations: 31)
Completed 200 OK in 2ms (Views: 1.8ms | Allocations: 675)


Started GET "/" for ::1 at 2021-08-04 19:56:59 +0530
  
ActionController::RoutingError (uninitialized constant PagesController):
  
Started GET "/" for ::1 at 2021-08-04 19:58:38 +0530
  
AbstractController::ActionNotFound (The action 'home' could not be found for PagesController
Did you mean?  hello):
  
actionpack (6.1.4) lib/abstract_controller/base.rb:160:in `process'
actionview (6.1.4) lib/action_view/rendering.rb:39:in `process'
actionpack (6.1.4) lib/action_controller/metal.rb:190:in `dispatch'
actionpack (6.1.4) lib/action_controller/metal.rb:254:in `dispatch'
actionpack (6.1.4) lib/action_dispatch/routing/route_set.rb:50:in `dispatch'
actionpack (6.1.4) lib/action_dispatch/routing/route_set.rb:33:in `serve'
actionpack (6.1.4) lib/action_dispatch/journey/router.rb:50:in `block in serve'
actionpack (6.1.4) lib/action_dispatch/journey/router.rb:32:in `each'
actionpack (6.1.4) lib/action_dispatch/journey/router.rb:32:in `serve'
actionpack (6.1.4) lib/action_dispatch/routing/route_set.rb:842:in `call'
rack (2.2.3) lib/rack/tempfile_reaper.rb:15:in `call'
rack (2.2.3) lib/rack/etag.rb:27:in `call'
rack (2.2.3) lib/rack/conditional_get.rb:27:in `call'
rack (2.2.3) lib/rack/head.rb:12:in `call'
actionpack (6.1.4) lib/action_dispatch/http/permissions_policy.rb:22:in `call'
actionpack (6.1.4) lib/action_dispatch/http/content_security_policy.rb:18:in `call'
rack (2.2.3) lib/rack/session/abstract/id.rb:266:in `context'
rack (2.2.3) lib/rack/session/abstract/id.rb:260:in `call'
actionpack (6.1.4) lib/action_dispatch/middleware/cookies.rb:689:in `call'
activerecord (6.1.4) lib/active_record/migration.rb:601:in `call'
actionpack (6.1.4) lib/action_dispatch/middleware/callbacks.rb:27:in `block in call'
activesupport (6.1.4) lib/active_support/callbacks.rb:98:in `run_callbacks'
actionpack (6.1.4) lib/action_dispatch/middleware/callbacks.rb:26:in `call'
actionpack (6.1.4) lib/action_dispatch/middleware/executor.rb:14:in `call'
actionpack (6.1.4) lib/action_dispatch/middleware/actionable_exceptions.rb:18:in `call'
actionpack (6.1.4) lib/action_dispatch/middleware/debug_exceptions.rb:29:in `call'
web-console (4.1.0) lib/web_console/middleware.rb:132:in `call_app'
web-console (4.1.0) lib/web_console/middleware.rb:28:in `block in call'
web-console (4.1.0) lib/web_console/middleware.rb:17:in `catch'
web-console (4.1.0) lib/web_console/middleware.rb:17:in `call'
actionpack (6.1.4) lib/action_dispatch/middleware/show_exceptions.rb:33:in `call'
railties (6.1.4) lib/rails/rack/logger.rb:37:in `call_app'
railties (6.1.4) lib/rails/rack/logger.rb:26:in `block in call'
activesupport (6.1.4) lib/active_support/tagged_logging.rb:99:in `block in tagged'
activesupport (6.1.4) lib/active_support/tagged_logging.rb:37:in `tagged'
activesupport (6.1.4) lib/active_support/tagged_logging.rb:99:in `tagged'
railties (6.1.4) lib/rails/rack/logger.rb:26:in `call'
sprockets-rails (3.2.2) lib/sprockets/rails/quiet_assets.rb:13:in `call'
actionpack (6.1.4) lib/action_dispatch/middleware/remote_ip.rb:81:in `call'
actionpack (6.1.4) lib/action_dispatch/middleware/request_id.rb:26:in `call'
rack (2.2.3) lib/rack/method_override.rb:24:in `call'
rack (2.2.3) lib/rack/runtime.rb:22:in `call'
activesupport (6.1.4) lib/active_support/cache/strategy/local_cache_middleware.rb:29:in `call'
actionpack (6.1.4) lib/action_dispatch/middleware/executor.rb:14:in `call'
actionpack (6.1.4) lib/action_dispatch/middleware/static.rb:24:in `call'
rack (2.2.3) lib/rack/sendfile.rb:110:in `call'
actionpack (6.1.4) lib/action_dispatch/middleware/host_authorization.rb:98:in `call'
rack-mini-profiler (2.3.2) lib/mini_profiler/profiler.rb:384:in `call'
webpacker (5.4.0) lib/webpacker/dev_server_proxy.rb:25:in `perform_request'
rack-proxy (0.7.0) lib/rack/proxy.rb:63:in `call'
railties (6.1.4) lib/rails/engine.rb:539:in `call'
puma (5.4.0) lib/puma/configuration.rb:249:in `call'
puma (5.4.0) lib/puma/request.rb:77:in `block in handle_request'
puma (5.4.0) lib/puma/thread_pool.rb:340:in `with_force_shutdown'
puma (5.4.0) lib/puma/request.rb:76:in `handle_request'
puma (5.4.0) lib/puma/server.rb:440:in `process_client'
puma (5.4.0) lib/puma/thread_pool.rb:147:in `block in spawn_thread'
Started GET "/" for ::1 at 2021-08-04 19:59:26 +0530
Processing by PagesController#home as HTML
  Rendering layout layouts/application.html.erb
  Rendering pages/home.html.erb within layouts/application
  Rendered pages/home.html.erb within layouts/application (Duration: 0.3ms | Allocations: 106)
[Webpacker] Compiling...
[Webpacker] Compiled all packs in /Users/chai/railsplay/test_apps/public/packs
[Webpacker] Though the "loose" option was set to "false" in your @babel/preset-env config, it will not be used for @babel/plugin-proposal-private-methods since the "loose" mode option was set to "true" for @babel/plugin-proposal-class-properties.
The "loose" option must be the same for @babel/plugin-proposal-class-properties, @babel/plugin-proposal-private-methods and @babel/plugin-proposal-private-property-in-object (when they are enabled): you can silence this warning by explicitly adding
	["@babel/plugin-proposal-private-methods", { "loose": true }]
to the "plugins" section of your Babel config.
Though the "loose" option was set to "false" in your @babel/preset-env config, it will not be used for @babel/plugin-proposal-private-methods since the "loose" mode option was set to "true" for @babel/plugin-proposal-class-properties.
The "loose" option must be the same for @babel/plugin-proposal-class-properties, @babel/plugin-proposal-private-methods and @babel/plugin-proposal-private-property-in-object (when they are enabled): you can silence this warning by explicitly adding
	["@babel/plugin-proposal-private-methods", { "loose": true }]
to the "plugins" section of your Babel config.
Though the "loose" option was set to "false" in your @babel/preset-env config, it will not be used for @babel/plugin-proposal-private-methods since the "loose" mode option was set to "true" for @babel/plugin-proposal-class-properties.
The "loose" option must be the same for @babel/plugin-proposal-class-properties, @babel/plugin-proposal-private-methods and @babel/plugin-proposal-private-property-in-object (when they are enabled): you can silence this warning by explicitly adding
	["@babel/plugin-proposal-private-methods", { "loose": true }]
to the "plugins" section of your Babel config.
Though the "loose" option was set to "false" in your @babel/preset-env config, it will not be used for @babel/plugin-proposal-private-methods since the "loose" mode option was set to "true" for @babel/plugin-proposal-class-properties.
The "loose" option must be the same for @babel/plugin-proposal-class-properties, @babel/plugin-proposal-private-methods and @babel/plugin-proposal-private-property-in-object (when they are enabled): you can silence this warning by explicitly adding
	["@babel/plugin-proposal-private-methods", { "loose": true }]
to the "plugins" section of your Babel config.
Though the "loose" option was set to "false" in your @babel/preset-env config, it will not be used for @babel/plugin-proposal-private-methods since the "loose" mode option was set to "true" for @babel/plugin-proposal-class-properties.
The "loose" option must be the same for @babel/plugin-proposal-class-properties, @babel/plugin-proposal-private-methods and @babel/plugin-proposal-private-property-in-object (when they are enabled): you can silence this warning by explicitly adding
	["@babel/plugin-proposal-private-methods", { "loose": true }]
to the "plugins" section of your Babel config.
Though the "loose" option was set to "false" in your @babel/preset-env config, it will not be used for @babel/plugin-proposal-private-methods since the "loose" mode option was set to "true" for @babel/plugin-proposal-class-properties.
The "loose" option must be the same for @babel/plugin-proposal-class-properties, @babel/plugin-proposal-private-methods and @babel/plugin-proposal-private-property-in-object (when they are enabled): you can silence this warning by explicitly adding
	["@babel/plugin-proposal-private-methods", { "loose": true }]
to the "plugins" section of your Babel config.

[Webpacker] Hash: e2a8a876c5815bee1e21
Version: webpack 4.46.0
Time: 1247ms
Built at: 08/04/2021 7:59:29 PM
                                     Asset       Size       Chunks                         Chunk Names
    js/application-e421b4aa3f716bebdab1.js    125 KiB  application  [emitted] [immutable]  application
js/application-e421b4aa3f716bebdab1.js.map    139 KiB  application  [emitted] [dev]        application
                             manifest.json  364 bytes               [emitted]              
Entrypoint application = js/application-e421b4aa3f716bebdab1.js js/application-e421b4aa3f716bebdab1.js.map
[./app/javascript/channels sync recursive _channel\.js$] ./app/javascript/channels sync _channel\.js$ 160 bytes {application} [built]
[./app/javascript/channels/index.js] 211 bytes {application} [built]
[./app/javascript/packs/application.js] 492 bytes {application} [built]
[./node_modules/webpack/buildin/module.js] (webpack)/buildin/module.js 552 bytes {application} [built]
    + 3 hidden modules

  Rendered layout layouts/application.html.erb (Duration: 3251.1ms | Allocations: 14589)
Completed 200 OK in 3254ms (Views: 3253.0ms | Allocations: 15776)


Started GET "/" for ::1 at 2021-08-04 19:59:34 +0530
Processing by PagesController#home as HTML
  Rendering layout layouts/application.html.erb
  Rendering pages/home.html.erb within layouts/application
  Rendered pages/home.html.erb within layouts/application (Duration: 0.1ms | Allocations: 37)
[Webpacker] Everything's up-to-date. Nothing to do
  Rendered layout layouts/application.html.erb (Duration: 9.6ms | Allocations: 3426)
Completed 200 OK in 12ms (Views: 10.5ms | Allocations: 3894)


Started GET "/" for ::1 at 2021-08-07 20:38:58 +0530
Processing by PagesController#home as HTML
  Rendering layout layouts/application.html.erb
  Rendering pages/home.html.erb within layouts/application
  Rendered pages/home.html.erb within layouts/application (Duration: 0.2ms | Allocations: 39)
[Webpacker] Everything's up-to-date. Nothing to do
  Rendered layout layouts/application.html.erb (Duration: 21.6ms | Allocations: 3480)
Completed 200 OK in 29ms (Views: 22.7ms | Allocations: 4105)


Started GET "/" for ::1 at 2021-08-07 20:40:12 +0530
Processing by PagesController#home as HTML
  Rendering layout layouts/application.html.erb
  Rendering pages/home.html.erb within layouts/application
  Rendered pages/home.html.erb within layouts/application (Duration: 0.1ms | Allocations: 39)
[Webpacker] Everything's up-to-date. Nothing to do
  Rendered layout layouts/application.html.erb (Duration: 17.0ms | Allocations: 3472)
Completed 200 OK in 18ms (Views: 17.5ms | Allocations: 4095)


Started GET "/about" for ::1 at 2021-08-07 20:40:18 +0530
  
AbstractController::ActionNotFound (The action 'about' could not be found for PagesController
Did you mean?  home):
  
actionpack (6.1.4) lib/abstract_controller/base.rb:160:in `process'
actionview (6.1.4) lib/action_view/rendering.rb:39:in `process'
actionpack (6.1.4) lib/action_controller/metal.rb:190:in `dispatch'
actionpack (6.1.4) lib/action_controller/metal.rb:254:in `dispatch'
actionpack (6.1.4) lib/action_dispatch/routing/route_set.rb:50:in `dispatch'
actionpack (6.1.4) lib/action_dispatch/routing/route_set.rb:33:in `serve'
actionpack (6.1.4) lib/action_dispatch/journey/router.rb:50:in `block in serve'
actionpack (6.1.4) lib/action_dispatch/journey/router.rb:32:in `each'
actionpack (6.1.4) lib/action_dispatch/journey/router.rb:32:in `serve'
actionpack (6.1.4) lib/action_dispatch/routing/route_set.rb:842:in `call'
rack (2.2.3) lib/rack/tempfile_reaper.rb:15:in `call'
rack (2.2.3) lib/rack/etag.rb:27:in `call'
rack (2.2.3) lib/rack/conditional_get.rb:27:in `call'
rack (2.2.3) lib/rack/head.rb:12:in `call'
actionpack (6.1.4) lib/action_dispatch/http/permissions_policy.rb:22:in `call'
actionpack (6.1.4) lib/action_dispatch/http/content_security_policy.rb:18:in `call'
rack (2.2.3) lib/rack/session/abstract/id.rb:266:in `context'
rack (2.2.3) lib/rack/session/abstract/id.rb:260:in `call'
actionpack (6.1.4) lib/action_dispatch/middleware/cookies.rb:689:in `call'
activerecord (6.1.4) lib/active_record/migration.rb:601:in `call'
actionpack (6.1.4) lib/action_dispatch/middleware/callbacks.rb:27:in `block in call'
activesupport (6.1.4) lib/active_support/callbacks.rb:98:in `run_callbacks'
actionpack (6.1.4) lib/action_dispatch/middleware/callbacks.rb:26:in `call'
actionpack (6.1.4) lib/action_dispatch/middleware/executor.rb:14:in `call'
actionpack (6.1.4) lib/action_dispatch/middleware/actionable_exceptions.rb:18:in `call'
actionpack (6.1.4) lib/action_dispatch/middleware/debug_exceptions.rb:29:in `call'
web-console (4.1.0) lib/web_console/middleware.rb:132:in `call_app'
web-console (4.1.0) lib/web_console/middleware.rb:28:in `block in call'
web-console (4.1.0) lib/web_console/middleware.rb:17:in `catch'
web-console (4.1.0) lib/web_console/middleware.rb:17:in `call'
actionpack (6.1.4) lib/action_dispatch/middleware/show_exceptions.rb:33:in `call'
railties (6.1.4) lib/rails/rack/logger.rb:37:in `call_app'
railties (6.1.4) lib/rails/rack/logger.rb:26:in `block in call'
activesupport (6.1.4) lib/active_support/tagged_logging.rb:99:in `block in tagged'
activesupport (6.1.4) lib/active_support/tagged_logging.rb:37:in `tagged'
activesupport (6.1.4) lib/active_support/tagged_logging.rb:99:in `tagged'
railties (6.1.4) lib/rails/rack/logger.rb:26:in `call'
sprockets-rails (3.2.2) lib/sprockets/rails/quiet_assets.rb:13:in `call'
actionpack (6.1.4) lib/action_dispatch/middleware/remote_ip.rb:81:in `call'
actionpack (6.1.4) lib/action_dispatch/middleware/request_id.rb:26:in `call'
rack (2.2.3) lib/rack/method_override.rb:24:in `call'
rack (2.2.3) lib/rack/runtime.rb:22:in `call'
activesupport (6.1.4) lib/active_support/cache/strategy/local_cache_middleware.rb:29:in `call'
actionpack (6.1.4) lib/action_dispatch/middleware/executor.rb:14:in `call'
actionpack (6.1.4) lib/action_dispatch/middleware/static.rb:24:in `call'
rack (2.2.3) lib/rack/sendfile.rb:110:in `call'
actionpack (6.1.4) lib/action_dispatch/middleware/host_authorization.rb:98:in `call'
rack-mini-profiler (2.3.2) lib/mini_profiler/profiler.rb:384:in `call'
webpacker (5.4.0) lib/webpacker/dev_server_proxy.rb:25:in `perform_request'
rack-proxy (0.7.0) lib/rack/proxy.rb:63:in `call'
railties (6.1.4) lib/rails/engine.rb:539:in `call'
puma (5.4.0) lib/puma/configuration.rb:249:in `call'
puma (5.4.0) lib/puma/request.rb:77:in `block in handle_request'
puma (5.4.0) lib/puma/thread_pool.rb:340:in `with_force_shutdown'
puma (5.4.0) lib/puma/request.rb:76:in `handle_request'
puma (5.4.0) lib/puma/server.rb:440:in `process_client'
puma (5.4.0) lib/puma/thread_pool.rb:147:in `block in spawn_thread'
Started GET "/about" for ::1 at 2021-08-07 20:40:50 +0530
Processing by PagesController#about as HTML
Completed 406 Not Acceptable in 3ms (Allocations: 1880)


  
ActionController::MissingExactTemplate (PagesController#about is missing a template for request formats: text/html):
  
actionpack (6.1.4) lib/action_controller/metal/implicit_render.rb:45:in `default_render'
actionpack (6.1.4) lib/action_controller/metal/basic_implicit_render.rb:6:in `block in send_action'
<internal:kernel>:90:in `tap'
actionpack (6.1.4) lib/action_controller/metal/basic_implicit_render.rb:6:in `send_action'
actionpack (6.1.4) lib/abstract_controller/base.rb:228:in `process_action'
actionpack (6.1.4) lib/action_controller/metal/rendering.rb:30:in `process_action'
actionpack (6.1.4) lib/abstract_controller/callbacks.rb:42:in `block in process_action'
activesupport (6.1.4) lib/active_support/callbacks.rb:117:in `block in run_callbacks'
actiontext (6.1.4) lib/action_text/rendering.rb:20:in `with_renderer'
actiontext (6.1.4) lib/action_text/engine.rb:59:in `block (4 levels) in <class:Engine>'
activesupport (6.1.4) lib/active_support/callbacks.rb:126:in `instance_exec'
activesupport (6.1.4) lib/active_support/callbacks.rb:126:in `block in run_callbacks'
activesupport (6.1.4) lib/active_support/callbacks.rb:137:in `run_callbacks'
actionpack (6.1.4) lib/abstract_controller/callbacks.rb:41:in `process_action'
actionpack (6.1.4) lib/action_controller/metal/rescue.rb:22:in `process_action'
actionpack (6.1.4) lib/action_controller/metal/instrumentation.rb:34:in `block in process_action'
activesupport (6.1.4) lib/active_support/notifications.rb:203:in `block in instrument'
activesupport (6.1.4) lib/active_support/notifications/instrumenter.rb:24:in `instrument'
activesupport (6.1.4) lib/active_support/notifications.rb:203:in `instrument'
actionpack (6.1.4) lib/action_controller/metal/instrumentation.rb:33:in `process_action'
actionpack (6.1.4) lib/action_controller/metal/params_wrapper.rb:249:in `process_action'
activerecord (6.1.4) lib/active_record/railties/controller_runtime.rb:27:in `process_action'
actionpack (6.1.4) lib/abstract_controller/base.rb:165:in `process'
actionview (6.1.4) lib/action_view/rendering.rb:39:in `process'
actionpack (6.1.4) lib/action_controller/metal.rb:190:in `dispatch'
actionpack (6.1.4) lib/action_controller/metal.rb:254:in `dispatch'
actionpack (6.1.4) lib/action_dispatch/routing/route_set.rb:50:in `dispatch'
actionpack (6.1.4) lib/action_dispatch/routing/route_set.rb:33:in `serve'
actionpack (6.1.4) lib/action_dispatch/journey/router.rb:50:in `block in serve'
actionpack (6.1.4) lib/action_dispatch/journey/router.rb:32:in `each'
actionpack (6.1.4) lib/action_dispatch/journey/router.rb:32:in `serve'
actionpack (6.1.4) lib/action_dispatch/routing/route_set.rb:842:in `call'
rack (2.2.3) lib/rack/tempfile_reaper.rb:15:in `call'
rack (2.2.3) lib/rack/etag.rb:27:in `call'
rack (2.2.3) lib/rack/conditional_get.rb:27:in `call'
rack (2.2.3) lib/rack/head.rb:12:in `call'
actionpack (6.1.4) lib/action_dispatch/http/permissions_policy.rb:22:in `call'
actionpack (6.1.4) lib/action_dispatch/http/content_security_policy.rb:18:in `call'
rack (2.2.3) lib/rack/session/abstract/id.rb:266:in `context'
rack (2.2.3) lib/rack/session/abstract/id.rb:260:in `call'
actionpack (6.1.4) lib/action_dispatch/middleware/cookies.rb:689:in `call'
activerecord (6.1.4) lib/active_record/migration.rb:601:in `call'
actionpack (6.1.4) lib/action_dispatch/middleware/callbacks.rb:27:in `block in call'
activesupport (6.1.4) lib/active_support/callbacks.rb:98:in `run_callbacks'
actionpack (6.1.4) lib/action_dispatch/middleware/callbacks.rb:26:in `call'
actionpack (6.1.4) lib/action_dispatch/middleware/executor.rb:14:in `call'
actionpack (6.1.4) lib/action_dispatch/middleware/actionable_exceptions.rb:18:in `call'
actionpack (6.1.4) lib/action_dispatch/middleware/debug_exceptions.rb:29:in `call'
web-console (4.1.0) lib/web_console/middleware.rb:132:in `call_app'
web-console (4.1.0) lib/web_console/middleware.rb:28:in `block in call'
web-console (4.1.0) lib/web_console/middleware.rb:17:in `catch'
web-console (4.1.0) lib/web_console/middleware.rb:17:in `call'
actionpack (6.1.4) lib/action_dispatch/middleware/show_exceptions.rb:33:in `call'
railties (6.1.4) lib/rails/rack/logger.rb:37:in `call_app'
railties (6.1.4) lib/rails/rack/logger.rb:26:in `block in call'
activesupport (6.1.4) lib/active_support/tagged_logging.rb:99:in `block in tagged'
activesupport (6.1.4) lib/active_support/tagged_logging.rb:37:in `tagged'
activesupport (6.1.4) lib/active_support/tagged_logging.rb:99:in `tagged'
railties (6.1.4) lib/rails/rack/logger.rb:26:in `call'
sprockets-rails (3.2.2) lib/sprockets/rails/quiet_assets.rb:13:in `call'
actionpack (6.1.4) lib/action_dispatch/middleware/remote_ip.rb:81:in `call'
actionpack (6.1.4) lib/action_dispatch/middleware/request_id.rb:26:in `call'
rack (2.2.3) lib/rack/method_override.rb:24:in `call'
rack (2.2.3) lib/rack/runtime.rb:22:in `call'
activesupport (6.1.4) lib/active_support/cache/strategy/local_cache_middleware.rb:29:in `call'
actionpack (6.1.4) lib/action_dispatch/middleware/executor.rb:14:in `call'
actionpack (6.1.4) lib/action_dispatch/middleware/static.rb:24:in `call'
rack (2.2.3) lib/rack/sendfile.rb:110:in `call'
actionpack (6.1.4) lib/action_dispatch/middleware/host_authorization.rb:98:in `call'
rack-mini-profiler (2.3.2) lib/mini_profiler/profiler.rb:384:in `call'
webpacker (5.4.0) lib/webpacker/dev_server_proxy.rb:25:in `perform_request'
rack-proxy (0.7.0) lib/rack/proxy.rb:63:in `call'
railties (6.1.4) lib/rails/engine.rb:539:in `call'
puma (5.4.0) lib/puma/configuration.rb:249:in `call'
puma (5.4.0) lib/puma/request.rb:77:in `block in handle_request'
puma (5.4.0) lib/puma/thread_pool.rb:340:in `with_force_shutdown'
puma (5.4.0) lib/puma/request.rb:76:in `handle_request'
puma (5.4.0) lib/puma/server.rb:440:in `process_client'
puma (5.4.0) lib/puma/thread_pool.rb:147:in `block in spawn_thread'
Started GET "/about" for ::1 at 2021-08-07 20:45:57 +0530
Processing by PagesController#about as HTML
  Rendering layout layouts/application.html.erb
  Rendering pages/about.html.erb within layouts/application
  Rendered pages/about.html.erb within layouts/application (Duration: 1.0ms | Allocations: 110)
[Webpacker] Everything's up-to-date. Nothing to do
  Rendered layout layouts/application.html.erb (Duration: 21.8ms | Allocations: 3744)
Completed 200 OK in 32ms (Views: 29.1ms | Allocations: 4956)


Started GET "/about" for ::1 at 2021-08-09 19:27:47 +0530
Processing by PagesController#about as HTML
  Rendering layout layouts/application.html.erb
  Rendering pages/about.html.erb within layouts/application
  Rendered pages/about.html.erb within layouts/application (Duration: 1.6ms | Allocations: 37)
[Webpacker] Everything's up-to-date. Nothing to do
  Rendered layout layouts/application.html.erb (Duration: 61.8ms | Allocations: 3435)
Completed 200 OK in 136ms (Views: 71.1ms | Allocations: 3875)


